0 info it worked if it ends with ok
1 verbose cli [ '/usr/bin/node', '/usr/bin/npm', 'run', 'lint' ]
2 info using npm@3.5.2
3 info using node@v8.10.0
4 verbose run-script [ 'prelint', 'lint', 'postlint' ]
5 info lifecycle homework-01@1.0.0~prelint: homework-01@1.0.0
6 silly lifecycle homework-01@1.0.0~prelint: no script for prelint, continuing
7 info lifecycle homework-01@1.0.0~lint: homework-01@1.0.0
8 verbose lifecycle homework-01@1.0.0~lint: unsafe-perm in lifecycle true
9 verbose lifecycle homework-01@1.0.0~lint: PATH: /usr/share/npm/bin/node-gyp-bin:/home/roman/Documents/Github/ma-nodejs-2020/homework-03/node_modules/.bin:/home/roman/Documents/Github/ma-nodejs-2020/homework-03/node_modules/.bin:/home/roman/Documents/Github/ma-nodejs-2020/node_modules/.bin:/home/roman/Documents/Github/node_modules/.bin:/home/roman/Documents/node_modules/.bin:/home/roman/node_modules/.bin:/home/node_modules/.bin:/node_modules/.bin:/usr/bin:/usr/lib/git-core:/usr/local/sbin:/usr/local/bin:/usr/sbin:/usr/bin:/sbin:/bin:/usr/games:/usr/local/games:/snap/bin
10 verbose lifecycle homework-01@1.0.0~lint: CWD: /home/roman/Documents/Github/ma-nodejs-2020/homework-03
11 silly lifecycle homework-01@1.0.0~lint: Args: [ '-c', 'eslint --ignore-path .gitignore . --fix' ]
12 silly lifecycle homework-01@1.0.0~lint: Returned: code: 1  signal: null
13 info lifecycle homework-01@1.0.0~lint: Failed to exec lint script
14 verbose stack Error: homework-01@1.0.0 lint: `eslint --ignore-path .gitignore . --fix`
14 verbose stack Exit status 1
14 verbose stack     at EventEmitter.<anonymous> (/usr/share/npm/lib/utils/lifecycle.js:232:16)
14 verbose stack     at emitTwo (events.js:126:13)
14 verbose stack     at EventEmitter.emit (events.js:214:7)
14 verbose stack     at ChildProcess.<anonymous> (/usr/share/npm/lib/utils/spawn.js:24:14)
14 verbose stack     at emitTwo (events.js:126:13)
14 verbose stack     at ChildProcess.emit (events.js:214:7)
14 verbose stack     at maybeClose (internal/child_process.js:925:16)
14 verbose stack     at Process.ChildProcess._handle.onexit (internal/child_process.js:209:5)
15 verbose pkgid homework-01@1.0.0
16 verbose cwd /home/roman/Documents/Github/ma-nodejs-2020/homework-03
17 error Linux 5.0.0-36-generic
18 error argv "/usr/bin/node" "/usr/bin/npm" "run" "lint"
19 error node v8.10.0
20 error npm  v3.5.2
21 error code ELIFECYCLE
22 error homework-01@1.0.0 lint: `eslint --ignore-path .gitignore . --fix`
22 error Exit status 1
23 error Failed at the homework-01@1.0.0 lint script 'eslint --ignore-path .gitignore . --fix'.
23 error Make sure you have the latest version of node.js and npm installed.
23 error If you do, this is most likely a problem with the homework-01 package,
23 error not with npm itself.
23 error Tell the author that this fails on your system:
23 error     eslint --ignore-path .gitignore . --fix
23 error You can get information on how to open an issue for this project with:
23 error     npm bugs homework-01
23 error Or if that isn't available, you can get their info via:
23 error     npm owner ls homework-01
23 error There is likely additional logging output above.
24 verbose exit [ 1, true ]
